This is pdfTeX, Version 3.14159265-2.6-1.40.20 (TeX Live 2019/Debian) (preloaded format=pdflatex 2020.9.5)  5 SEP 2020 18:53
entering extended mode
 restricted \write18 enabled.
 %&-line parsing enabled.
**Respostas.tex
(./Respostas.tex
LaTeX2e <2020-02-02> patch level 2
L3 programming layer <2020-02-14>
(/usr/share/texlive/texmf-dist/tex/latex/base/article.cls
Document Class: article 2019/12/20 v1.4l Standard LaTeX document class
(/usr/share/texlive/texmf-dist/tex/latex/base/size10.clo
File: size10.clo 2019/12/20 v1.4l Standard LaTeX file (size option)
)
\c@part=\count167
\c@section=\count168
\c@subsection=\count169
\c@subsubsection=\count170
\c@paragraph=\count171
\c@subparagraph=\count172
\c@figure=\count173
\c@table=\count174
\abovecaptionskip=\skip47
\belowcaptionskip=\skip48
\bibindent=\dimen134
)
(/usr/share/texlive/texmf-dist/tex/generic/babel/babel.sty
Package: babel 2020/02/14 3.40 The Babel package

(/usr/share/texlive/texmf-dist/tex/generic/babel/switch.def
File: switch.def 2020/02/14 3.40 Babel switching mechanism
)
(/usr/share/texlive/texmf-dist/tex/generic/babel-portuges/portuges.ldf
Language: portuges 2008/03/18 v1.2q Portuguese support from the babel system

(/usr/share/texlive/texmf-dist/tex/generic/babel/babel.def
File: babel.def 2020/02/14 3.40 Babel common definitions
\babel@savecnt=\count175
\U@D=\dimen135

(/usr/share/texlive/texmf-dist/tex/generic/babel/txtbabel.def)
\bbl@readstream=\read2
\bbl@dirlevel=\count176
)
Package babel Info: \l@brazilian = using hyphenrules for portuguese
(babel)             (\language3) on input line 113.
Package babel Info: Making " an active character on input line 145.
))
(/usr/share/texlive/texmf-dist/tex/latex/base/inputenc.sty
Package: inputenc 2018/08/11 v1.3c Input encoding file
\inpenc@prehook=\toks14
\inpenc@posthook=\toks15
)
(/usr/share/texlive/texmf-dist/tex/latex/base/fontenc.sty
Package: fontenc 2020/02/11 v2.0o Standard LaTeX package
)
(/usr/share/texlive/texmf-dist/tex/latex/listings/listings.sty
(/usr/share/texlive/texmf-dist/tex/latex/graphics/keyval.sty
Package: keyval 2014/10/28 v1.15 key=value parser (DPC)
\KV@toks@=\toks16
)
\lst@mode=\count177
\lst@gtempboxa=\box45
\lst@token=\toks17
\lst@length=\count178
\lst@currlwidth=\dimen136
\lst@column=\count179
\lst@pos=\count180
\lst@lostspace=\dimen137
\lst@width=\dimen138
\lst@newlines=\count181
\lst@lineno=\count182
\lst@maxwidth=\dimen139

(/usr/share/texlive/texmf-dist/tex/latex/listings/lstmisc.sty
File: lstmisc.sty 2019/09/10 1.8c (Carsten Heinz)
\c@lstnumber=\count183
\lst@skipnumbers=\count184
\lst@framebox=\box46
)
(/usr/share/texlive/texmf-dist/tex/latex/listings/listings.cfg
File: listings.cfg 2019/09/10 1.8c listings configuration
))
Package: listings 2019/09/10 1.8c (Carsten Heinz)

(/usr/share/texlive/texmf-dist/tex/latex/xcolor/xcolor.sty
Package: xcolor 2016/05/11 v2.12 LaTeX color extensions (UK)

(/usr/share/texlive/texmf-dist/tex/latex/graphics-cfg/color.cfg
File: color.cfg 2016/01/02 v1.6 sample color configuration
)
Package xcolor Info: Driver file: pdftex.def on input line 225.

(/usr/share/texlive/texmf-dist/tex/latex/graphics-def/pdftex.def
File: pdftex.def 2018/01/08 v1.0l Graphics/color driver for pdftex
)
Package xcolor Info: Model `cmy' substituted by `cmy0' on input line 1348.
Package xcolor Info: Model `hsb' substituted by `rgb' on input line 1352.
Package xcolor Info: Model `RGB' extended on input line 1364.
Package xcolor Info: Model `HTML' substituted by `rgb' on input line 1366.
Package xcolor Info: Model `Hsb' substituted by `hsb' on input line 1367.
Package xcolor Info: Model `tHsb' substituted by `hsb' on input line 1368.
Package xcolor Info: Model `HSB' substituted by `hsb' on input line 1369.
Package xcolor Info: Model `Gray' substituted by `gray' on input line 1370.
Package xcolor Info: Model `wave' substituted by `hsb' on input line 1371.
)
(/usr/share/texlive/texmf-dist/tex/latex/graphics/graphicx.sty
Package: graphicx 2019/11/30 v1.2a Enhanced LaTeX Graphics (DPC,SPQR)

(/usr/share/texlive/texmf-dist/tex/latex/graphics/graphics.sty
Package: graphics 2019/11/30 v1.4a Standard LaTeX Graphics (DPC,SPQR)

(/usr/share/texlive/texmf-dist/tex/latex/graphics/trig.sty
Package: trig 2016/01/03 v1.10 sin cos tan (DPC)
)
(/usr/share/texlive/texmf-dist/tex/latex/graphics-cfg/graphics.cfg
File: graphics.cfg 2016/06/04 v1.11 sample graphics configuration
)
Package graphics Info: Driver file: pdftex.def on input line 105.
)
\Gin@req@height=\dimen140
\Gin@req@width=\dimen141
)
(/usr/share/texlive/texmf-dist/tex/latex/geometry/geometry.sty
Package: geometry 2020/01/02 v5.9 Page Geometry

(/usr/share/texlive/texmf-dist/tex/generic/iftex/ifvtex.sty
Package: ifvtex 2019/10/25 v1.7 ifvtex legacy package. Use iftex instead.

(/usr/share/texlive/texmf-dist/tex/generic/iftex/iftex.sty
Package: iftex 2019/11/07 v1.0c TeX engine tests
))
\Gm@cnth=\count185
\Gm@cntv=\count186
\c@Gm@tempcnt=\count187
\Gm@bindingoffset=\dimen142
\Gm@wd@mp=\dimen143
\Gm@odd@mp=\dimen144
\Gm@even@mp=\dimen145
\Gm@layoutwidth=\dimen146
\Gm@layoutheight=\dimen147
\Gm@layouthoffset=\dimen148
\Gm@layoutvoffset=\dimen149
\Gm@dimlist=\toks18
)
(/usr/share/texlive/texmf-dist/tex/latex/l3backend/l3backend-pdfmode.def
File: l3backend-pdfmode.def 2020-02-03 L3 backend support: PDF mode
\l__kernel_color_stack_int=\count188
\l__pdf_internal_box=\box47
)
(./Respostas.aux)
\openout1 = `Respostas.aux'.

LaTeX Font Info:    Checking defaults for OML/cmm/m/it on input line 31.
LaTeX Font Info:    ... okay on input line 31.
LaTeX Font Info:    Checking defaults for OMS/cmsy/m/n on input line 31.
LaTeX Font Info:    ... okay on input line 31.
LaTeX Font Info:    Checking defaults for OT1/cmr/m/n on input line 31.
LaTeX Font Info:    ... okay on input line 31.
LaTeX Font Info:    Checking defaults for T1/cmr/m/n on input line 31.
LaTeX Font Info:    ... okay on input line 31.
LaTeX Font Info:    Checking defaults for TS1/cmr/m/n on input line 31.
LaTeX Font Info:    ... okay on input line 31.
LaTeX Font Info:    Checking defaults for OMX/cmex/m/n on input line 31.
LaTeX Font Info:    ... okay on input line 31.
LaTeX Font Info:    Checking defaults for U/cmr/m/n on input line 31.
LaTeX Font Info:    ... okay on input line 31.
\c@lstlisting=\count189

(/usr/share/texlive/texmf-dist/tex/context/base/mkii/supp-pdf.mkii
[Loading MPS to PDF converter (version 2006.09.02).]
\scratchcounter=\count190
\scratchdimen=\dimen150
\scratchbox=\box48
\nofMPsegments=\count191
\nofMParguments=\count192
\everyMPshowfont=\toks19
\MPscratchCnt=\count193
\MPscratchDim=\dimen151
\MPnumerator=\count194
\makeMPintoPDFobject=\count195
\everyMPtoPDFconversion=\toks20
) (/usr/share/texlive/texmf-dist/tex/latex/epstopdf-pkg/epstopdf-base.sty
Package: epstopdf-base 2020-01-24 v2.11 Base part for package epstopdf
Package epstopdf-base Info: Redefining graphics rule for `.eps' on input line 4
85.

(/usr/share/texlive/texmf-dist/tex/latex/latexconfig/epstopdf-sys.cfg
File: epstopdf-sys.cfg 2010/07/13 v1.3 Configuration of (r)epstopdf for TeX Liv
e
))
*geometry* driver: auto-detecting
*geometry* detected driver: pdftex
*geometry* verbose mode - [ preamble ] result:
* driver: pdftex
* paper: a4paper
* layout: <same size as paper>
* layoutoffset:(h,v)=(0.0pt,0.0pt)
* modes: 
* h-part:(L,W,R)=(71.13188pt, 483.69684pt, 42.67915pt)
* v-part:(T,H,B)=(56.9055pt, 731.23582pt, 56.90552pt)
* \paperwidth=597.50787pt
* \paperheight=845.04684pt
* \textwidth=483.69684pt
* \textheight=731.23582pt
* \oddsidemargin=-1.1381pt
* \evensidemargin=-1.1381pt
* \topmargin=-52.36449pt
* \headheight=12.0pt
* \headsep=25.0pt
* \topskip=10.0pt
* \footskip=30.0pt
* \marginparwidth=65.0pt
* \marginparsep=11.0pt
* \columnsep=10.0pt
* \skip\footins=9.0pt plus 4.0pt minus 2.0pt
* \hoffset=0.0pt
* \voffset=0.0pt
* \mag=1000
* \@twocolumnfalse
* \@twosidefalse
* \@mparswitchfalse
* \@reversemarginfalse
* (1in=72.27pt=25.4mm, 1cm=28.453pt)

LaTeX Font Info:    External font `cmex10' loaded for size
(Font)              <12> on input line 32.
LaTeX Font Info:    External font `cmex10' loaded for size
(Font)              <8> on input line 32.
LaTeX Font Info:    External font `cmex10' loaded for size
(Font)              <6> on input line 32.
LaTeX Font Info:    Trying to load font information for T1+cmtt on input line 3
2.
(/usr/share/texlive/texmf-dist/tex/latex/base/t1cmtt.fd
File: t1cmtt.fd 2019/12/16 v2.5j Standard LaTeX font definitions
)
(/usr/share/texlive/texmf-dist/tex/latex/listings/lstlang1.sty
File: lstlang1.sty 2019/09/10 1.8c listings language file
)
(/usr/share/texlive/texmf-dist/tex/latex/listings/lstlang1.sty
File: lstlang1.sty 2019/09/10 1.8c listings language file
)
(/usr/share/texlive/texmf-dist/tex/latex/listings/lstmisc.sty
File: lstmisc.sty 2019/09/10 1.8c (Carsten Heinz)
)
(../1.negativos/negativos.cpp)
<./images/01.Negativos.png, id=1, 1156.32pt x 628.14674pt>
File: ./images/01.Negativos.png Graphic file (type png)
<use ./images/01.Negativos.png>
Package pdftex.def Info: ./images/01.Negativos.png  used on input line 39.
(pdftex.def)             Requested size: 462.5198pt x 251.25424pt.
 (../2.pares/pares.cpp [1

{/var/lib/texmf/fonts/map/pdftex/updmap/pdftex.map} <./images/01.Negativos.png>
])
<./images/02.Pares.png, id=14, 1156.32pt x 627.5445pt>
File: ./images/02.Pares.png Graphic file (type png)
<use ./images/02.Pares.png>
Package pdftex.def Info: ./images/02.Pares.png  used on input line 45.
(pdftex.def)             Requested size: 462.5198pt x 251.01334pt.

(../3.inverte/inverte.cpp
LaTeX Font Info:    External font `cmex10' loaded for size
(Font)              <7> on input line 8.
LaTeX Font Info:    External font `cmex10' loaded for size
(Font)              <5> on input line 8.
)
<./images/03.Inverte.png, id=15, 1156.32pt x 626.94225pt>
File: ./images/03.Inverte.png Graphic file (type png)
<use ./images/03.Inverte.png>
Package pdftex.def Info: ./images/03.Inverte.png  used on input line 51.
(pdftex.def)             Requested size: 462.5198pt x 250.77246pt.
 [2 <./images/02.Pares.png>] (../4.avalia/avalia.cpp)
<./images/04.Avalia.png, id=20, 1156.32pt x 627.5445pt>
File: ./images/04.Avalia.png Graphic file (type png)
<use ./images/04.Avalia.png>
Package pdftex.def Info: ./images/04.Avalia.png  used on input line 57.
(pdftex.def)             Requested size: 462.5198pt x 251.01334pt.
[3 <./images/03.Inverte.png> <./images/04.Avalia.png>]
(../5.bissexto/src/bissexto.cpp)
<./images/05.Bissexto.png, id=24, 1156.32pt x 628.14674pt>
File: ./images/05.Bissexto.png Graphic file (type png)
<use ./images/05.Bissexto.png>
Package pdftex.def Info: ./images/05.Bissexto.png  used on input line 63.
(pdftex.def)             Requested size: 462.5198pt x 251.25424pt.
 (../6.diadoano/src/dia_do_ano.cpp [4 <./images/05.Bissexto.png>])
<./images/06.DiaDoAno.png, id=28, 1156.32pt x 627.5445pt>
File: ./images/06.DiaDoAno.png Graphic file (type png)
<use ./images/06.DiaDoAno.png>
Package pdftex.def Info: ./images/06.DiaDoAno.png  used on input line 69.
(pdftex.def)             Requested size: 462.5198pt x 251.01334pt.
 [5 <./images/06.DiaDoAno.png>] (./Respostas.aux) ) 
Here is how much of TeX's memory you used:
 4888 strings out of 483163
 65966 string characters out of 5965512
 511633 words of memory out of 5000000
 19847 multiletter control sequences out of 15000+600000
 540336 words of font info for 41 fonts, out of 8000000 for 9000
 16 hyphenation exceptions out of 8191
 35i,6n,62p,207b,1626s stack positions out of 5000i,500n,10000p,200000b,80000s
 </home/mrribeiro/.texlive20
19/texmf-var/fonts/pk/ljfour/jknappen/ec/tcrm1000.600pk> </home/mrribeiro/.texl
ive2019/texmf-var/fonts/pk/ljfour/jknappen/ec/ecrm1000.600pk> </home/mrribeiro/
.texlive2019/texmf-var/fonts/pk/ljfour/jknappen/ec/ecbx1000.600pk> </home/mrrib
eiro/.texlive2019/texmf-var/fonts/pk/ljfour/jknappen/ec/ecbx1440.600pk> </home/
mrribeiro/.texlive2019/texmf-var/fonts/pk/ljfour/jknappen/ec/ectt1200.600pk> </
home/mrribeiro/.texlive2019/texmf-var/fonts/pk/ljfour/jknappen/ec/ecrm1200.600p
k> </home/mrribeiro/.texlive2019/texmf-var/fonts/pk/ljfour/jknappen/ec/ecrm1728
.600pk></usr/share/texlive/texmf-dist/fonts/type1/public/amsfonts/cm/cmsy10.pfb
>
Output written on Respostas.pdf (5 pages, 721008 bytes).
PDF statistics:
 186 PDF objects out of 1000 (max. 8388607)
 43 compressed objects within 1 object stream
 0 named destinations out of 1000 (max. 500000)
 31 words of extra memory for PDF output out of 10000 (max. 10000000)

